CCNN Parameter Log
Created      : 2026-02-14 22:59:13
Script       : CCNN_Npred_feb_14.m
Run folder   : eta0p01-0p03_ep100-100_hid1_reg6_20260214_225913

eta_out=0.0100 | eta_cand=0.0300 | output_epochs=89/100 | hidden=1/10 | regressors=6 | cand_runs=2
Output plateau epoch : 89
Candidate epochs (per unit)  : [51 52]
Candidate plateau epochs      : [51 52]
N-step horizon : 596
Train MSE       : 0.0342971
Train Fit (%)   : 73.54
Val   Fit (%)   : 78.16

Regressors.u : [0 1 2]
Regressors.y : [1 2 3]
Norm method  : ZScore
Target MSE   : 5e-05
Plateau min delta : 1e-06
Plateau patience  : 50

Saved figure files:
 - eta0p01-0p03_ep100-100_hid1_reg6_20260214_225913_train_fit.png
 - eta0p01-0p03_ep100-100_hid1_reg6_20260214_225913_val_fit.png
