CCNN Parameter Log
Created      : 2026-02-14 22:31:55
Script       : CCNN_Npred_feb_14.m
Run folder   : eta0p05-0p03_ep100-100_hid1_reg6_20260214_223155

eta_out=0.0500 | eta_cand=0.0300 | output_epochs=13/100 | hidden=1/10 | regressors=6 | cand_runs=2
Output plateau epoch : 13
Candidate epochs (per unit)  : [40 12]
Candidate plateau epochs      : [40 12]
N-step horizon : 596
Train MSE       : 0.257301
Train Fit (%)   : 44.85
Val   Fit (%)   : 54.23

Regressors.u : [0 1 2]
Regressors.y : [1 2 3]
Norm method  : ZScore
Target MSE   : 5e-05
Plateau min delta : 0.0001
Plateau patience  : 10

Saved figure files:
 - eta0p05-0p03_ep100-100_hid1_reg6_20260214_223155_train_fit.png
 - eta0p05-0p03_ep100-100_hid1_reg6_20260214_223155_val_fit.png
